#
# There is insufficient memory for the Java Runtime Environment to continue.
# Native memory allocation (mmap) failed to map 27262976 bytes for Failed to commit area from 0x0000000088000000 to 0x0000000089a00000 of length 27262976.
# Possible reasons:
#   The system is out of physical RAM or swap space
#   The process is running with CompressedOops enabled, and the Java Heap may be blocking the growth of the native heap
# Possible solutions:
#   Reduce memory load on the system
#   Increase physical memory or swap space
#   Check if swap backing store is full
#   Decrease Java heap size (-Xmx/-Xms)
#   Decrease number of Java threads
#   Decrease Java thread stack sizes (-Xss)
#   Set larger code cache with -XX:ReservedCodeCacheSize=
#   JVM is running with Unscaled Compressed Oops mode in which the Java heap is
#     placed in the first 4GB address space. The Java Heap base address is the
#     maximum limit for the native heap growth. Please use -XX:HeapBaseMinAddress
#     to set the Java Heap base and to place the Java Heap above 4GB virtual address.
# This output file may be truncated or incomplete.
#
#  Out of Memory Error (./open/src/hotspot/os/windows/os_windows.cpp:3287), pid=7136, tid=11120
#
# JRE version: Java(TM) SE Runtime Environment 18.9 (11.0.15+8) (build 11.0.15+8-LTS-149)
# Java VM: Java HotSpot(TM) 64-Bit Server VM 18.9 (11.0.15+8-LTS-149, mixed mode, tiered, compressed oops, g1 gc, windows-amd64)
# No core dump will be written. Minidumps are not enabled by default on client versions of Windows
#

---------------  S U M M A R Y ------------

Command Line: -javaagent:C:\Program Files\JetBrains\IntelliJ IDEA Community Edition 2022.2.1\lib\idea_rt.jar=51049:C:\Program Files\JetBrains\IntelliJ IDEA Community Edition 2022.2.1\bin -Dfile.encoding=UTF-8 com.training.jwt.api.SpringSecurityJwtExampleApplication

Host: Intel(R) Xeon(R) Platinum 8272CL CPU @ 2.60GHz, 2 cores, 7G,  Windows 10 , 64 bit Build 19041 (10.0.19041.1889)
Time: Thu Sep  1 11:26:51 2022 India Standard Time elapsed time: 2.519429 seconds (0d 0h 0m 2s)

---------------  T H R E A D  ---------------

Current thread (0x000001d4305d6000):  VMThread "VM Thread" [stack: 0x0000001117b00000,0x0000001117c00000] [id=11120]

Stack: [0x0000001117b00000,0x0000001117c00000]
[error occurred during error reporting (printing stack bounds), id 0xc0000005, EXCEPTION_ACCESS_VIOLATION (0xc0000005) at pc=0x000001d41a9c10e7]

Native frames: (J=compiled Java code, j=interpreted, Vv=VM code, C=native code)
V  [jvm.dll+0x629d8a]
V  [jvm.dll+0x7638ff]
V  [jvm.dll+0x764fa9]
V  [jvm.dll+0x765595]
V  [jvm.dll+0x76554b]
V  [jvm.dll+0x629273]
V  [jvm.dll+0x629988]
C  [ntdll.dll+0xa229f]
C  [ntdll.dll+0x51454]
C  [ntdll.dll+0xa0dce]
C  0x000001d41a9c10e7

VM_Operation (0x00000011188fab30): G1CollectForAllocation, mode: safepoint, requested by thread 0x000001d431f83800


---------------  P R O C E S S  ---------------

Threads class SMR info:
_java_thread_list=0x000001d431f2ec70, length=12, elements={
0x000001d413310800, 0x000001d4305d7000, 0x000001d4305e0000, 0x000001d4305f1000,
0x000001d4305f3800, 0x000001d4305f4800, 0x000001d4305f8000, 0x000001d43062c000,
0x000001d430fb5000, 0x000001d430575800, 0x000001d43128b800, 0x000001d431f83800
}

Java Threads: ( => current thread )
  0x000001d413310800 JavaThread "main" [_thread_blocked, id=14204, stack(0x0000001117500000,0x0000001117600000)]
  0x000001d4305d7000 JavaThread "Reference Handler" daemon [_thread_blocked, id=928, stack(0x0000001117c00000,0x0000001117d00000)]
  0x000001d4305e0000 JavaThread "Finalizer" daemon [_thread_blocked, id=11272, stack(0x0000001117d00000,0x0000001117e00000)]
  0x000001d4305f1000 JavaThread "Signal Dispatcher" daemon [_thread_blocked, id=9468, stack(0x0000001117e00000,0x0000001117f00000)]
  0x000001d4305f3800 JavaThread "Attach Listener" daemon [_thread_blocked, id=6480, stack(0x0000001117f00000,0x0000001118000000)]
  0x000001d4305f4800 JavaThread "Service Thread" daemon [_thread_blocked, id=3048, stack(0x0000001118000000,0x0000001118100000)]
  0x000001d4305f8000 JavaThread "C2 CompilerThread0" daemon [_thread_blocked, id=13344, stack(0x0000001118100000,0x0000001118200000)]
  0x000001d43062c000 JavaThread "C1 CompilerThread0" daemon [_thread_blocked, id=7232, stack(0x0000001118200000,0x0000001118300000)]
  0x000001d430fb5000 JavaThread "Sweeper thread" daemon [_thread_blocked, id=14236, stack(0x0000001118300000,0x0000001118400000)]
  0x000001d430575800 JavaThread "Common-Cleaner" daemon [_thread_blocked, id=12268, stack(0x0000001118400000,0x0000001118500000)]
  0x000001d43128b800 JavaThread "Monitor Ctrl-Break" daemon [_thread_in_native, id=11700, stack(0x0000001118500000,0x0000001118600000)]
  0x000001d431f83800 JavaThread "background-preinit" [_thread_blocked, id=13980, stack(0x0000001118800000,0x0000001118900000)]

Other Threads:
=>0x000001d4305d6000 VMThread "VM Thread" [stack: 0x0000001117b00000,0x0000001117c00000] [id=11120]
  0x000001d43128c000 WatcherThread [stack: 0x0000001118600000,0x0000001118700000] [id=5268]
  0x000001d413326000 GCTaskThread "GC Thread#0" [stack: 0x0000001117600000,0x0000001117700000] [id=11640]
  0x000001d4313a6000 GCTaskThread "GC Thread#1" [stack: 0x0000001118700000,0x0000001118800000] [id=14156]
  0x000001d413355800 ConcurrentGCThread "G1 Main Marker" [stack: 0x0000001117700000,0x0000001117800000] [id=2196]
  0x000001d413359000 ConcurrentGCThread "G1 Conc#0" [stack: 0x0000001117800000,0x0000001117900000] [id=8368]
  0x000001d4133e5000 ConcurrentGCThread "G1 Refine#0" [stack: 0x0000001117900000,0x0000001117a00000] [id=5796]
  0x000001d4133e6000 ConcurrentGCThread "G1 Young RemSet Sampling" [stack: 0x0000001117a00000,0x0000001117b00000] [id=6620]

Threads with active compile tasks:

VM state:at safepoint (normal execution)

VM Mutex/Monitor currently owned by a thread:  ([mutex/lock_event])
[0x000001d41330cdf0] Threads_lock - owner thread: 0x000001d4305d6000
[0x000001d41330d0c0] Heap_lock - owner thread: 0x000001d431f83800

Heap address: 0x0000000080000000, size: 2048 MB, Compressed Oops mode: 32-bit
Narrow klass base: 0x0000000000000000, Narrow klass shift: 3
Compressed class space size: 1073741824 Address: 0x0000000100000000

Heap:
 garbage-first heap   total 157696K, used 9068K [0x0000000080000000, 0x0000000100000000)
  region size 1024K, 3 young (3072K), 3 survivors (3072K)
 Metaspace       used 20570K, capacity 21098K, committed 21248K, reserved 1069056K
  class space    used 2287K, capacity 2522K, committed 2560K, reserved 1048576K
Heap Regions: E=young(eden), S=young(survivor), O=old, HS=humongous(starts), HC=humongous(continues), CS=collection set, F=free, A=archive, TAMS=top-at-mark-start (previous, next)
|   0|0x0000000080000000, 0x0000000080100000, 0x0000000080100000|100%|HS|  |TAMS 0x0000000080000000, 0x0000000080000000| Complete 
|   1|0x0000000080100000, 0x0000000080200000, 0x0000000080200000|100%| O|  |TAMS 0x0000000080100000, 0x0000000080100000| Untracked 
|   2|0x0000000080200000, 0x0000000080300000, 0x0000000080300000|100%| O|  |TAMS 0x0000000080200000, 0x0000000080200000| Untracked 
|   3|0x0000000080300000, 0x0000000080400000, 0x0000000080400000|100%| O|  |TAMS 0x0000000080300000, 0x0000000080300000| Untracked 
|   4|0x0000000080400000, 0x0000000080500000, 0x0000000080500000|100%| O|  |TAMS 0x0000000080400000, 0x0000000080400000| Untracked 
|   5|0x0000000080500000, 0x0000000080600000, 0x0000000080600000|100%| O|  |TAMS 0x0000000080500000, 0x0000000080500000| Untracked 
|   6|0x0000000080600000, 0x0000000080616400, 0x0000000080700000|  8%| O|  |TAMS 0x0000000080600000, 0x0000000080600000| Untracked 
|   7|0x0000000080700000, 0x0000000080700000, 0x0000000080800000|  0%| F|  |TAMS 0x0000000080700000, 0x0000000080700000| Untracked 
|   8|0x0000000080800000, 0x0000000080800000, 0x0000000080900000|  0%| F|  |TAMS 0x0000000080800000, 0x0000000080800000| Untracked 
|   9|0x0000000080900000, 0x0000000080900000, 0x0000000080a00000|  0%| F|  |TAMS 0x0000000080900000, 0x0000000080900000| Untracked 
|  10|0x0000000080a00000, 0x0000000080a00000, 0x0000000080b00000|  0%| F|  |TAMS 0x0000000080a00000, 0x0000000080a00000| Untracked 
|  11|0x0000000080b00000, 0x0000000080b00000, 0x0000000080c00000|  0%| F|  |TAMS 0x0000000080b00000, 0x0000000080b00000| Untracked 
|  12|0x0000000080c00000, 0x0000000080c00000, 0x0000000080d00000|  0%| F|  |TAMS 0x0000000080c00000, 0x0000000080c00000| Untracked 
|  13|0x0000000080d00000, 0x0000000080d00000, 0x0000000080e00000|  0%| F|  |TAMS 0x0000000080d00000, 0x0000000080d00000| Untracked 
|  14|0x0000000080e00000, 0x0000000080e00000, 0x0000000080f00000|  0%| F|  |TAMS 0x0000000080e00000, 0x0000000080e00000| Untracked 
|  15|0x0000000080f00000, 0x0000000080f00000, 0x0000000081000000|  0%| F|  |TAMS 0x0000000080f00000, 0x0000000080f00000| Untracked 
|  16|0x0000000081000000, 0x0000000081000000, 0x0000000081100000|  0%| F|  |TAMS 0x0000000081000000, 0x0000000081000000| Untracked 
|  17|0x0000000081100000, 0x0000000081100000, 0x0000000081200000|  0%| F|  |TAMS 0x0000000081100000, 0x0000000081100000| Untracked 
|  18|0x0000000081200000, 0x0000000081200000, 0x0000000081300000|  0%| F|  |TAMS 0x0000000081200000, 0x0000000081200000| Untracked 
|  19|0x0000000081300000, 0x0000000081300000, 0x0000000081400000|  0%| F|  |TAMS 0x0000000081300000, 0x0000000081300000| Untracked 
|  20|0x0000000081400000, 0x0000000081400000, 0x0000000081500000|  0%| F|  |TAMS 0x0000000081400000, 0x0000000081400000| Untracked 
|  21|0x0000000081500000, 0x0000000081500000, 0x0000000081600000|  0%| F|  |TAMS 0x0000000081500000, 0x0000000081500000| Untracked 
|  22|0x0000000081600000, 0x0000000081600000, 0x0000000081700000|  0%| F|  |TAMS 0x0000000081600000, 0x0000000081600000| Untracked 
|  23|0x0000000081700000, 0x0000000081700000, 0x0000000081800000|  0%| F|  |TAMS 0x0000000081700000, 0x0000000081700000| Untracked 
|  24|0x0000000081800000, 0x0000000081800000, 0x0000000081900000|  0%| F|  |TAMS 0x0000000081800000, 0x0000000081800000| Untracked 
|  25|0x0000000081900000, 0x0000000081900000, 0x0000000081a00000|  0%| F|  |TAMS 0x0000000081900000, 0x0000000081900000| Untracked 
|  26|0x0000000081a00000, 0x0000000081a00000, 0x0000000081b00000|  0%| F|  |TAMS 0x0000000081a00000, 0x0000000081a00000| Untracked 
|  27|0x0000000081b00000, 0x0000000081b00000, 0x0000000081c00000|  0%| F|  |TAMS 0x0000000081b00000, 0x0000000081b00000| Untracked 
|  28|0x0000000081c00000, 0x0000000081c00000, 0x0000000081d00000|  0%| F|  |TAMS 0x0000000081c00000, 0x0000000081c00000| Untracked 
|  29|0x0000000081d00000, 0x0000000081d00000, 0x0000000081e00000|  0%| F|  |TAMS 0x0000000081d00000, 0x0000000081d00000| Untracked 
|  30|0x0000000081e00000, 0x0000000081e00000, 0x0000000081f00000|  0%| F|  |TAMS 0x0000000081e00000, 0x0000000081e00000| Untracked 
|  31|0x0000000081f00000, 0x0000000081f00000, 0x0000000082000000|  0%| F|  |TAMS 0x0000000081f00000, 0x0000000081f00000| Untracked 
|  32|0x0000000082000000, 0x0000000082000000, 0x0000000082100000|  0%| F|  |TAMS 0x0000000082000000, 0x0000000082000000| Untracked 
|  33|0x0000000082100000, 0x0000000082100000, 0x0000000082200000|  0%| F|  |TAMS 0x0000000082100000, 0x0000000082100000| Untracked 
|  34|0x0000000082200000, 0x0000000082200000, 0x0000000082300000|  0%| F|  |TAMS 0x0000000082200000, 0x0000000082200000| Untracked 
|  35|0x0000000082300000, 0x0000000082300000, 0x0000000082400000|  0%| F|  |TAMS 0x0000000082300000, 0x0000000082300000| Untracked 
|  36|0x0000000082400000, 0x0000000082400000, 0x0000000082500000|  0%| F|  |TAMS 0x0000000082400000, 0x0000000082400000| Untracked 
|  37|0x0000000082500000, 0x0000000082500000, 0x0000000082600000|  0%| F|  |TAMS 0x0000000082500000, 0x0000000082500000| Untracked 
|  38|0x0000000082600000, 0x0000000082600000, 0x0000000082700000|  0%| F|  |TAMS 0x0000000082600000, 0x0000000082600000| Untracked 
|  39|0x0000000082700000, 0x0000000082700000, 0x0000000082800000|  0%| F|  |TAMS 0x0000000082700000, 0x0000000082700000| Untracked 
|  40|0x0000000082800000, 0x0000000082800000, 0x0000000082900000|  0%| F|  |TAMS 0x0000000082800000, 0x0000000082800000| Untracked 
|  41|0x0000000082900000, 0x0000000082900000, 0x0000000082a00000|  0%| F|  |TAMS 0x0000000082900000, 0x0000000082900000| Untracked 
|  42|0x0000000082a00000, 0x0000000082a00000, 0x0000000082b00000|  0%| F|  |TAMS 0x0000000082a00000, 0x0000000082a00000| Untracked 
|  43|0x0000000082b00000, 0x0000000082b00000, 0x0000000082c00000|  0%| F|  |TAMS 0x0000000082b00000, 0x0000000082b00000| Untracked 
|  44|0x0000000082c00000, 0x0000000082c00000, 0x0000000082d00000|  0%| F|  |TAMS 0x0000000082c00000, 0x0000000082c00000| Untracked 
|  45|0x0000000082d00000, 0x0000000082d00000, 0x0000000082e00000|  0%| F|  |TAMS 0x0000000082d00000, 0x0000000082d00000| Untracked 
|  46|0x0000000082e00000, 0x0000000082e00000, 0x0000000082f00000|  0%| F|  |TAMS 0x0000000082e00000, 0x0000000082e00000| Untracked 
|  47|0x0000000082f00000, 0x0000000082f00000, 0x0000000083000000|  0%| F|  |TAMS 0x0000000082f00000, 0x0000000082f00000| Untracked 
|  48|0x0000000083000000, 0x0000000083000000, 0x0000000083100000|  0%| F|  |TAMS 0x0000000083000000, 0x0000000083000000| Untracked 
|  49|0x0000000083100000, 0x0000000083100000, 0x0000000083200000|  0%| F|  |TAMS 0x0000000083100000, 0x0000000083100000| Untracked 
|  50|0x0000000083200000, 0x0000000083200000, 0x0000000083300000|  0%| F|  |TAMS 0x0000000083200000, 0x0000000083200000| Untracked 
|  51|0x0000000083300000, 0x0000000083300000, 0x0000000083400000|  0%| F|  |TAMS 0x0000000083300000, 0x0000000083300000| Untracked 
|  52|0x0000000083400000, 0x0000000083400000, 0x0000000083500000|  0%| F|  |TAMS 0x0000000083400000, 0x0000000083400000| Untracked 
|  53|0x0000000083500000, 0x0000000083500000, 0x0000000083600000|  0%| F|  |TAMS 0x0000000083500000, 0x0000000083500000| Untracked 
|  54|0x0000000083600000, 0x0000000083600000, 0x0000000083700000|  0%| F|  |TAMS 0x0000000083600000, 0x0000000083600000| Untracked 
|  55|0x0000000083700000, 0x0000000083700000, 0x0000000083800000|  0%| F|  |TAMS 0x0000000083700000, 0x0000000083700000| Untracked 
|  56|0x0000000083800000, 0x0000000083800000, 0x0000000083900000|  0%| F|  |TAMS 0x0000000083800000, 0x0000000083800000| Untracked 
|  57|0x0000000083900000, 0x0000000083900000, 0x0000000083a00000|  0%| F|  |TAMS 0x0000000083900000, 0x0000000083900000| Untracked 
|  58|0x0000000083a00000, 0x0000000083a00000, 0x0000000083b00000|  0%| F|  |TAMS 0x0000000083a00000, 0x0000000083a00000| Untracked 
|  59|0x0000000083b00000, 0x0000000083b00000, 0x0000000083c00000|  0%| F|  |TAMS 0x0000000083b00000, 0x0000000083b00000| Untracked 
|  60|0x0000000083c00000, 0x0000000083c00000, 0x0000000083d00000|  0%| F|  |TAMS 0x0000000083c00000, 0x0000000083c00000| Untracked 
|  61|0x0000000083d00000, 0x0000000083d00000, 0x0000000083e00000|  0%| F|  |TAMS 0x0000000083d00000, 0x0000000083d00000| Untracked 
|  62|0x0000000083e00000, 0x0000000083e00000, 0x0000000083f00000|  0%| F|  |TAMS 0x0000000083e00000, 0x0000000083e00000| Untracked 
|  63|0x0000000083f00000, 0x0000000083f00000, 0x0000000084000000|  0%| F|  |TAMS 0x0000000083f00000, 0x0000000083f00000| Untracked 
|  64|0x0000000084000000, 0x0000000084000000, 0x0000000084100000|  0%| F|  |TAMS 0x0000000084000000, 0x0000000084000000| Untracked 
|  65|0x0000000084100000, 0x0000000084100000, 0x0000000084200000|  0%| F|  |TAMS 0x0000000084100000, 0x0000000084100000| Untracked 
|  66|0x0000000084200000, 0x0000000084200000, 0x0000000084300000|  0%| F|  |TAMS 0x0000000084200000, 0x0000000084200000| Untracked 
|  67|0x0000000084300000, 0x0000000084300000, 0x0000000084400000|  0%| F|  |TAMS 0x0000000084300000, 0x0000000084300000| Untracked 
|  68|0x0000000084400000, 0x0000000084400000, 0x0000000084500000|  0%| F|  |TAMS 0x0000000084400000, 0x0000000084400000| Untracked 
|  69|0x0000000084500000, 0x0000000084500000, 0x0000000084600000|  0%| F|  |TAMS 0x0000000084500000, 0x0000000084500000| Untracked 
|  70|0x0000000084600000, 0x0000000084600000, 0x0000000084700000|  0%| F|  |TAMS 0x0000000084600000, 0x0000000084600000| Untracked 
|  71|0x0000000084700000, 0x0000000084700000, 0x0000000084800000|  0%| F|  |TAMS 0x0000000084700000, 0x0000000084700000| Untracked 
|  72|0x0000000084800000, 0x0000000084800000, 0x0000000084900000|  0%| F|  |TAMS 0x0000000084800000, 0x0000000084800000| Untracked 
|  73|0x0000000084900000, 0x0000000084900000, 0x0000000084a00000|  0%| F|  |TAMS 0x0000000084900000, 0x0000000084900000| Untracked 
|  74|0x0000000084a00000, 0x0000000084a00000, 0x0000000084b00000|  0%| F|  |TAMS 0x0000000084a00000, 0x0000000084a00000| Untracked 
|  75|0x0000000084b00000, 0x0000000084b00000, 0x0000000084c00000|  0%| F|  |TAMS 0x0000000084b00000, 0x0000000084b00000| Untracked 
|  76|0x0000000084c00000, 0x0000000084c00000, 0x0000000084d00000|  0%| F|  |TAMS 0x0000000084c00000, 0x0000000084c00000| Untracked 
|  77|0x0000000084d00000, 0x0000000084d00000, 0x0000000084e00000|  0%| F|  |TAMS 0x0000000084d00000, 0x0000000084d00000| Untracked 
|  78|0x0000000084e00000, 0x0000000084e00000, 0x0000000084f00000|  0%| F|  |TAMS 0x0000000084e00000, 0x0000000084e00000| Untracked 
|  79|0x0000000084f00000, 0x0000000084f00000, 0x0000000085000000|  0%| F|  |TAMS 0x0000000084f00000, 0x0000000084f00000| Untracked 
|  80|0x0000000085000000, 0x0000000085000000, 0x0000000085100000|  0%| F|  |TAMS 0x0000000085000000, 0x0000000085000000| Untracked 
|  81|0x0000000085100000, 0x0000000085100000, 0x0000000085200000|  0%| F|  |TAMS 0x0000000085100000, 0x0000000085100000| Untracked 
|  82|0x0000000085200000, 0x0000000085200000, 0x0000000085300000|  0%| F|  |TAMS 0x0000000085200000, 0x0000000085200000| Untracked 
|  83|0x0000000085300000, 0x0000000085300000, 0x0000000085400000|  0%| F|  |TAMS 0x0000000085300000, 0x0000000085300000| Untracked 
|  84|0x0000000085400000, 0x0000000085400000, 0x0000000085500000|  0%| F|  |TAMS 0x0000000085400000, 0x0000000085400000| Untracked 
|  85|0x0000000085500000, 0x0000000085500000, 0x0000000085600000|  0%| F|  |TAMS 0x0000000085500000, 0x0000000085500000| Untracked 
|  86|0x0000000085600000, 0x0000000085600000, 0x0000000085700000|  0%| F|  |TAMS 0x0000000085600000, 0x0000000085600000| Untracked 
|  87|0x0000000085700000, 0x0000000085700000, 0x0000000085800000|  0%| F|  |TAMS 0x0000000085700000, 0x0000000085700000| Untracked 
|  88|0x0000000085800000, 0x0000000085800000, 0x0000000085900000|  0%| F|  |TAMS 0x0000000085800000, 0x0000000085800000| Untracked 
|  89|0x0000000085900000, 0x0000000085900000, 0x0000000085a00000|  0%| F|  |TAMS 0x0000000085900000, 0x0000000085900000| Untracked 
|  90|0x0000000085a00000, 0x0000000085a00000, 0x0000000085b00000|  0%| F|  |TAMS 0x0000000085a00000, 0x0000000085a00000| Untracked 
|  91|0x0000000085b00000, 0x0000000085b00000, 0x0000000085c00000|  0%| F|  |TAMS 0x0000000085b00000, 0x0000000085b00000| Untracked 
|  92|0x0000000085c00000, 0x0000000085c00000, 0x0000000085d00000|  0%| F|  |TAMS 0x0000000085c00000, 0x0000000085c00000| Untracked 
|  93|0x0000000085d00000, 0x0000000085d00000, 0x0000000085e00000|  0%| F|  |TAMS 0x0000000085d00000, 0x0000000085d00000| Untracked 
|  94|0x0000000085e00000, 0x0000000085e00000, 0x0000000085f00000|  0%| F|  |TAMS 0x0000000085e00000, 0x0000000085e00000| Untracked 
|  95|0x0000000085f00000, 0x0000000085fc4fc0, 0x0000000086000000| 76%| S|CS|TAMS 0x0000000085f00000, 0x0000000085f00000| Complete 
|  96|0x0000000086000000, 0x0000000086100000, 0x0000000086100000|100%| S|CS|TAMS 0x0000000086000000, 0x0000000086000000| Complete 
|  97|0x0000000086100000, 0x0000000086200000, 0x0000000086200000|100%| S|CS|TAMS 0x0000000086100000, 0x0000000086100000| Complete 
|  98|0x0000000086200000, 0x0000000086200000, 0x0000000086300000|  0%| F|  |TAMS 0x0000000086200000, 0x0000000086200000| Untracked 
|  99|0x0000000086300000, 0x0000000086300000, 0x0000000086400000|  0%| F|  |TAMS 0x0000000086300000, 0x0000000086300000| Untracked 
| 100|0x0000000086400000, 0x0000000086400000, 0x0000000086500000|  0%| F|  |TAMS 0x0000000086400000, 0x0000000086400000| Untracked 
| 101|0x0000000086500000, 0x0000000086500000, 0x0000000086600000|  0%| F|  |TAMS 0x0000000086500000, 0x0000000086500000| Untracked 
| 102|0x0000000086600000, 0x0000000086600000, 0x0000000086700000|  0%| F|  |TAMS 0x0000000086600000, 0x0000000086600000| Untracked 
| 103|0x0000000086700000, 0x0000000086700000, 0x0000000086800000|  0%| F|  |TAMS 0x0000000086700000, 0x0000000086700000| Untracked 
| 104|0x0000000086800000, 0x0000000086800000, 0x0000000086900000|  0%| F|  |TAMS 0x0000000086800000, 0x0000000086800000| Untracked 
| 105|0x0000000086900000, 0x0000000086900000, 0x0000000086a00000|  0%| F|  |TAMS 0x0000000086900000, 0x0000000086900000| Untracked 
| 106|0x0000000086a00000, 0x0000000086a00000, 0x0000000086b00000|  0%| F|  |TAMS 0x0000000086a00000, 0x0000000086a00000| Untracked 
| 107|0x0000000086b00000, 0x0000000086b00000, 0x0000000086c00000|  0%| F|  |TAMS 0x0000000086b00000, 0x0000000086b00000| Untracked 
| 108|0x0000000086c00000, 0x0000000086c00000, 0x0000000086d00000|  0%| F|  |TAMS 0x0000000086c00000, 0x0000000086c00000| Untracked 
| 109|0x0000000086d00000, 0x0000000086d00000, 0x0000000086e00000|  0%| F|  |TAMS 0x0000000086d00000, 0x0000000086d00000| Untracked 
| 110|0x0000000086e00000, 0x0000000086e00000, 0x0000000086f00000|  0%| F|  |TAMS 0x0000000086e00000, 0x0000000086e00000| Untracked 
| 111|0x0000000086f00000, 0x0000000086f00000, 0x0000000087000000|  0%| F|  |TAMS 0x0000000086f00000, 0x0000000086f00000| Untracked 
| 112|0x0000000087000000, 0x0000000087000000, 0x0000000087100000|  0%| F|  |TAMS 0x0000000087000000, 0x0000000087000000| Untracked 
| 113|0x0000000087100000, 0x0000000087100000, 0x0000000087200000|  0%| F|  |TAMS 0x0000000087100000, 0x0000000087100000| Untracked 
| 114|0x0000000087200000, 0x0000000087200000, 0x0000000087300000|  0%| F|  |TAMS 0x0000000087200000, 0x0000000087200000| Untracked 
| 115|0x0000000087300000, 0x0000000087300000, 0x0000000087400000|  0%| F|  |TAMS 0x0000000087300000, 0x0000000087300000| Untracked 
| 116|0x0000000087400000, 0x0000000087400000, 0x0000000087500000|  0%| F|  |TAMS 0x0000000087400000, 0x0000000087400000| Untracked 
| 117|0x0000000087500000, 0x0000000087500000, 0x0000000087600000|  0%| F|  |TAMS 0x0000000087500000, 0x0000000087500000| Untracked 
| 118|0x0000000087600000, 0x0000000087600000, 0x0000000087700000|  0%| F|  |TAMS 0x0000000087600000, 0x0000000087600000| Untracked 
| 119|0x0000000087700000, 0x0000000087700000, 0x0000000087800000|  0%| F|  |TAMS 0x0000000087700000, 0x0000000087700000| Untracked 
| 120|0x0000000087800000, 0x0000000087800000, 0x0000000087900000|  0%| F|  |TAMS 0x0000000087800000, 0x0000000087800000| Untracked 
| 121|0x0000000087900000, 0x0000000087900000, 0x0000000087a00000|  0%| F|  |TAMS 0x0000000087900000, 0x0000000087900000| Untracked 
| 122|0x0000000087a00000, 0x0000000087a00000, 0x0000000087b00000|  0%| F|  |TAMS 0x0000000087a00000, 0x0000000087a00000| Untracked 
| 123|0x0000000087b00000, 0x0000000087b00000, 0x0000000087c00000|  0%| F|  |TAMS 0x0000000087b00000, 0x0000000087b00000| Untracked 
| 124|0x0000000087c00000, 0x0000000087c00000, 0x0000000087d00000|  0%| F|  |TAMS 0x0000000087c00000, 0x0000000087c00000| Untracked 
| 125|0x0000000087d00000, 0x0000000087d00000, 0x0000000087e00000|  0%| F|  |TAMS 0x0000000087d00000, 0x0000000087d00000| Untracked 
| 126|0x0000000087e00000, 0x0000000087e00000, 0x0000000087f00000|  0%| F|  |TAMS 0x0000000087e00000, 0x0000000087e00000| Untracked 
| 127|0x0000000087f00000, 0x0000000087f00000, 0x0000000088000000|  0%| F|  |TAMS 0x0000000087f00000, 0x0000000087f00000| Untracked 

Card table byte_map: [0x000001d4299c0000,0x000001d429dc0000] _byte_map_base: 0x000001d4295c0000

Marking Bits (Prev, Next): (CMBitMap*) 0x000001d41334cdb8, (CMBitMap*) 0x000001d41334cdf0
 Prev Bits: [0x000001d42a1c0000, 0x000001d42c1c0000)
 Next Bits: [0x000001d42c1c0000, 0x000001d42e1c0000)

Polling page: 0x000001d411110000

Metaspace:

Usage:
  Non-class:     18.14 MB capacity,    17.85 MB ( 98%) used,   236.81 KB (  1%) free+waste,    56.06 KB ( <1%) overhead. 
      Class:      2.46 MB capacity,     2.23 MB ( 91%) used,   206.46 KB (  8%) free+waste,    28.44 KB (  1%) overhead. 
       Both:     20.60 MB capacity,    20.09 MB ( 97%) used,   443.27 KB (  2%) free+waste,    84.50 KB ( <1%) overhead. 

Virtual space:
  Non-class space:       20.00 MB reserved,      18.25 MB ( 91%) committed 
      Class space:        1.00 GB reserved,       2.50 MB ( <1%) committed 
             Both:        1.02 GB reserved,      20.75 MB (  2%) committed 

Chunk freelists:
   Non-Class:  6.00 KB
       Class:  768 bytes
        Both:  6.75 KB

CodeHeap 'non-profiled nmethods': size=120064Kb used=625Kb max_used=625Kb free=119438Kb
 bounds [0x000001d422480000, 0x000001d4226f0000, 0x000001d4299c0000]
CodeHeap 'profiled nmethods': size=120000Kb used=3474Kb max_used=3474Kb free=116525Kb
 bounds [0x000001d41af50000, 0x000001d41b2c0000, 0x000001d422480000]
CodeHeap 'non-nmethods': size=5696Kb used=1121Kb max_used=1143Kb free=4574Kb
 bounds [0x000001d41a9c0000, 0x000001d41ac30000, 0x000001d41af50000]
 total_blobs=2261 nmethods=1830 adapters=342
 compilation: enabled
              stopped_count=0, restarted_count=0
 full_count=0

Compilation events (10 events):
Event: 2.495 Thread 0x000001d43062c000 nmethod 1828 0x000001d41b2b3090 code [0x000001d41b2b3280, 0x000001d41b2b3728]
Event: 2.496 Thread 0x000001d43062c000 1829       3       sun.reflect.generics.reflectiveObjects.ParameterizedTypeImpl::getActualTypeArguments (11 bytes)
Event: 2.496 Thread 0x000001d43062c000 nmethod 1829 0x000001d41b2b3910 code [0x000001d41b2b3ac0, 0x000001d41b2b3d88]
Event: 2.496 Thread 0x000001d43062c000 1830       3       jdk.internal.org.objectweb.asm.ClassWriter::visitEnd (1 bytes)
Event: 2.496 Thread 0x000001d43062c000 nmethod 1830 0x000001d41b2b3e90 code [0x000001d41b2b4020, 0x000001d41b2b4118]
Event: 2.497 Thread 0x000001d4305f8000 nmethod 1823 0x000001d42251bd10 code [0x000001d42251bec0, 0x000001d42251c198]
Event: 2.498 Thread 0x000001d4305f8000 1831       4       org.springframework.util.Assert::notNull (14 bytes)
Event: 2.498 Thread 0x000001d43062c000 1832       3       java.lang.Module::allows (60 bytes)
Event: 2.498 Thread 0x000001d4305f8000 nmethod 1831 0x000001d42251c510 code [0x000001d42251c680, 0x000001d42251c6d8]
Event: 2.498 Thread 0x000001d43062c000 nmethod 1832 0x000001d41b2b4190 code [0x000001d41b2b4380, 0x000001d41b2b4968]

GC Heap History (9 events):
Event: 0.489 GC heap before
{Heap before GC invocations=0 (full 0):
 garbage-first heap   total 131072K, used 8192K [0x0000000080000000, 0x0000000100000000)
  region size 1024K, 7 young (7168K), 0 survivors (0K)
 Metaspace       used 6587K, capacity 6771K, committed 6784K, reserved 1056768K
  class space    used 578K, capacity 638K, committed 640K, reserved 1048576K
}
Event: 0.494 GC heap after
{Heap after GC invocations=1 (full 0):
 garbage-first heap   total 131072K, used 5501K [0x0000000080000000, 0x0000000100000000)
  region size 1024K, 1 young (1024K), 1 survivors (1024K)
 Metaspace       used 6587K, capacity 6771K, committed 6784K, reserved 1056768K
  class space    used 578K, capacity 638K, committed 640K, reserved 1048576K
}
Event: 0.777 GC heap before
{Heap before GC invocations=1 (full 0):
 garbage-first heap   total 131072K, used 10621K [0x0000000080000000, 0x0000000100000000)
  region size 1024K, 6 young (6144K), 1 survivors (1024K)
 Metaspace       used 9178K, capacity 9328K, committed 9600K, reserved 1058816K
  class space    used 825K, capacity 872K, committed 896K, reserved 1048576K
}
Event: 0.782 GC heap after
{Heap after GC invocations=2 (full 0):
 garbage-first heap   total 131072K, used 6276K [0x0000000080000000, 0x0000000100000000)
  region size 1024K, 1 young (1024K), 1 survivors (1024K)
 Metaspace       used 9178K, capacity 9328K, committed 9600K, reserved 1058816K
  class space    used 825K, capacity 872K, committed 896K, reserved 1048576K
}
Event: 1.212 GC heap before
{Heap before GC invocations=2 (full 0):
 garbage-first heap   total 131072K, used 16516K [0x0000000080000000, 0x0000000100000000)
  region size 1024K, 11 young (11264K), 1 survivors (1024K)
 Metaspace       used 11638K, capacity 11774K, committed 12032K, reserved 1060864K
  class space    used 1139K, capacity 1181K, committed 1280K, reserved 1048576K
}
Event: 1.216 GC heap after
{Heap after GC invocations=3 (full 0):
 garbage-first heap   total 131072K, used 6823K [0x0000000080000000, 0x0000000100000000)
  region size 1024K, 2 young (2048K), 2 survivors (2048K)
 Metaspace       used 11638K, capacity 11774K, committed 12032K, reserved 1060864K
  class space    used 1139K, capacity 1181K, committed 1280K, reserved 1048576K
}
Event: 1.721 GC heap before
{Heap before GC invocations=3 (full 0):
 garbage-first heap   total 131072K, used 22183K [0x0000000080000000, 0x0000000100000000)
  region size 1024K, 17 young (17408K), 2 survivors (2048K)
 Metaspace       used 15409K, capacity 15837K, committed 16128K, reserved 1062912K
  class space    used 1595K, capacity 1736K, committed 1792K, reserved 1048576K
}
Event: 1.727 GC heap after
{Heap after GC invocations=4 (full 0):
 garbage-first heap   total 131072K, used 7683K [0x0000000080000000, 0x0000000100000000)
  region size 1024K, 3 young (3072K), 3 survivors (3072K)
 Metaspace       used 15409K, capacity 15837K, committed 16128K, reserved 1062912K
  class space    used 1595K, capacity 1736K, committed 1792K, reserved 1048576K
}
Event: 2.506 GC heap before
{Heap before GC invocations=4 (full 0):
 garbage-first heap   total 131072K, used 35331K [0x0000000080000000, 0x0000000100000000)
  region size 1024K, 30 young (30720K), 3 survivors (3072K)
 Metaspace       used 20570K, capacity 21098K, committed 21248K, reserved 1069056K
  class space    used 2287K, capacity 2522K, committed 2560K, reserved 1048576K
}

Deoptimization events (10 events):
Event: 1.655 Thread 0x000001d413310800 Uncommon trap: reason=bimorphic_or_optimized_type_check action=maybe_recompile pc=0x000001d4224e099c method=java.util.HashMap.putVal(ILjava/lang/Object;Ljava/lang/Object;ZZ)Ljava/lang/Object; @ 91 c2
Event: 1.655 Thread 0x000001d413310800 Uncommon trap: reason=bimorphic_or_optimized_type_check action=maybe_recompile pc=0x000001d4224e099c method=java.util.HashMap.putVal(ILjava/lang/Object;Ljava/lang/Object;ZZ)Ljava/lang/Object; @ 91 c2
Event: 1.656 Thread 0x000001d413310800 Uncommon trap: reason=bimorphic_or_optimized_type_check action=maybe_recompile pc=0x000001d4224e099c method=java.util.HashMap.putVal(ILjava/lang/Object;Ljava/lang/Object;ZZ)Ljava/lang/Object; @ 91 c2
Event: 1.738 Thread 0x000001d413310800 Uncommon trap: reason=unstable_if action=reinterpret pc=0x000001d4224c1020 method=java.util.HashMap.hash(Ljava/lang/Object;)I @ 1 c2
Event: 1.739 Thread 0x000001d413310800 Uncommon trap: reason=unstable_if action=reinterpret pc=0x000001d4224b372c method=java.util.HashMap.hash(Ljava/lang/Object;)I @ 1 c2
Event: 1.771 Thread 0x000001d413310800 Uncommon trap: reason=unstable_if action=reinterpret pc=0x000001d4224c4fa8 method=java.lang.StringBuilder.toString()Ljava/lang/String; @ 4 c2
Event: 1.861 Thread 0x000001d413310800 Uncommon trap: reason=bimorphic_or_optimized_type_check action=maybe_recompile pc=0x000001d4224e099c method=java.util.HashMap.putVal(ILjava/lang/Object;Ljava/lang/Object;ZZ)Ljava/lang/Object; @ 91 c2
Event: 1.915 Thread 0x000001d413310800 Uncommon trap: reason=unstable_if action=reinterpret pc=0x000001d4224e2e00 method=java.util.concurrent.ConcurrentHashMap.putVal(Ljava/lang/Object;Ljava/lang/Object;Z)Ljava/lang/Object; @ 148 c2
Event: 2.319 Thread 0x000001d413310800 Uncommon trap: reason=unstable_if action=reinterpret pc=0x000001d4224f2c88 method=java.util.HashMap.getNode(ILjava/lang/Object;)Ljava/util/HashMap$Node; @ 129 c2
Event: 2.332 Thread 0x000001d413310800 Uncommon trap: reason=unstable_if action=reinterpret pc=0x000001d4225020d4 method=org.springframework.util.ConcurrentReferenceHashMap$Segment.restructureIfNecessary(Z)V @ 21 c2

Classes redefined (0 events):
No events

Internal exceptions (10 events):
Event: 1.884 Thread 0x000001d413310800 Exception <a 'java/lang/NoSuchMethodError'{0x0000000087bce9d8}: java.lang.invoke.DirectMethodHandle$Holder.invokeStaticInit(Ljava/lang/Object;Ljava/lang/Object;)V> (0x0000000087bce9d8) thrown at [./open/src/hotspot/share/interpreter/linkResolver.cpp, line
Event: 1.888 Thread 0x000001d413310800 Exception <a 'java/lang/NoSuchMethodError'{0x0000000087bde678}: java.lang.invoke.DirectMethodHandle$Holder.invokeStaticInit(Ljava/lang/Object;Ljava/lang/Object;Ljava/lang/Object;)V> (0x0000000087bde678) thrown at [./open/src/hotspot/share/interpreter/link
Event: 1.903 Thread 0x000001d413310800 Exception <a 'java/lang/NoSuchMethodError'{0x0000000087a011a0}: java.lang.invoke.DirectMethodHandle$Holder.invokeStaticInit(Ljava/lang/Object;Ljava/lang/Object;Ljava/lang/Object;)Ljava/lang/Object;> (0x0000000087a011a0) thrown at [./open/src/hotspot/share
Event: 1.979 Thread 0x000001d413310800 Exception <a 'java/lang/NoSuchMethodError'{0x0000000087aec968}: java.lang.invoke.DirectMethodHandle$Holder.invokeVirtual(Ljava/lang/Object;Ljava/lang/Object;Ljava/lang/Object;Ljava/lang/Object;)V> (0x0000000087aec968) thrown at [./open/src/hotspot/share/i
Event: 2.072 Thread 0x000001d431f83800 Exception <a 'java/lang/NoClassDefFoundError'{0x00000000877a1420}: javax/validation/Validation> (0x00000000877a1420) thrown at [./open/src/hotspot/share/classfile/systemDictionary.cpp, line 215]
Event: 2.236 Thread 0x000001d413310800 Exception <a 'java/lang/NoSuchMethodError'{0x0000000086f4fa78}: org.slf4j.impl.StaticMDCBinder.getSingleton()Lorg/slf4j/impl/StaticMDCBinder;> (0x0000000086f4fa78) thrown at [./open/src/hotspot/share/interpreter/linkResolver.cpp, line 772]
Event: 2.245 Thread 0x000001d431f83800 Exception <a 'java/lang/NoSuchMethodError'{0x0000000086f21000}: java.lang.invoke.DirectMethodHandle$Holder.invokeStaticInit(Ljava/lang/Object;Ljava/lang/Object;Ljava/lang/Object;Ljava/lang/Object;Ljava/lang/Object;)Ljava/lang/Object;> (0x0000000086f21000)
Event: 2.259 Thread 0x000001d431f83800 Exception <a 'java/lang/NoSuchMethodError'{0x0000000086b47628}: java.lang.invoke.DirectMethodHandle$Holder.invokeSpecial(Ljava/lang/Object;Ljava/lang/Object;IILjava/lang/Object;Ljava/lang/Object;Ljava/lang/Object;)Ljava/lang/Object;> (0x0000000086b47628) 
Event: 2.259 Thread 0x000001d431f83800 Exception <a 'java/lang/NoSuchMethodError'{0x0000000086b4abb0}: java.lang.invoke.DelegatingMethodHandle$Holder.reinvoke_L(Ljava/lang/Object;IILjava/lang/Object;Ljava/lang/Object;Ljava/lang/Object;)Ljava/lang/Object;> (0x0000000086b4abb0) thrown at [./open
Event: 2.260 Thread 0x000001d431f83800 Exception <a 'java/lang/NoSuchMethodError'{0x0000000086b4ea90}: java.lang.invoke.DirectMethodHandle$Holder.invokeStatic(Ljava/lang/Object;Ljava/lang/Object;Ljava/lang/Object;Ljava/lang/Object;I)Ljava/lang/Object;> (0x0000000086b4ea90) thrown at [./open/sr

Events (10 events):
Event: 2.504 loading class org/springframework/beans/NullValueInNestedPathException done
Event: 2.504 loading class org/springframework/beans/PropertyBatchUpdateException
Event: 2.504 loading class org/springframework/beans/PropertyBatchUpdateException done
Event: 2.505 loading class com/fasterxml/jackson/databind/introspect/NopAnnotationIntrospector
Event: 2.505 loading class com/fasterxml/jackson/databind/introspect/NopAnnotationIntrospector done
Event: 2.505 loading class org/springframework/beans/NotReadablePropertyException
Event: 2.505 loading class org/springframework/beans/NotReadablePropertyException done
Event: 2.505 loading class com/fasterxml/jackson/databind/introspect/Annotated
Event: 2.505 loading class com/fasterxml/jackson/databind/introspect/Annotated done
Event: 2.506 Executing VM operation: G1CollectForAllocation


Dynamic libraries:
0x00007ff7f8860000 - 0x00007ff7f886f000 	C:\Program Files\Java\jdk-11.0.15\bin\java.exe
0x00007ff90cd90000 - 0x00007ff90cf88000 	C:\Windows\SYSTEM32\ntdll.dll
0x00007ff90ba90000 - 0x00007ff90bb4d000 	C:\Windows\System32\KERNEL32.DLL
0x00007ff90a610000 - 0x00007ff90a8de000 	C:\Windows\System32\KERNELBASE.dll
0x00007ff90a8e0000 - 0x00007ff90a9e0000 	C:\Windows\System32\ucrtbase.dll
0x00007ff8f5b70000 - 0x00007ff8f5b85000 	C:\Program Files\Java\jdk-11.0.15\bin\VCRUNTIME140.dll
0x00007ff8f5b90000 - 0x00007ff8f5ba8000 	C:\Program Files\Java\jdk-11.0.15\bin\jli.dll
0x00007ff90c120000 - 0x00007ff90c1ce000 	C:\Windows\System32\ADVAPI32.dll
0x00007ff90ae50000 - 0x00007ff90aeee000 	C:\Windows\System32\msvcrt.dll
0x00007ff90cb80000 - 0x00007ff90cc1c000 	C:\Windows\System32\sechost.dll
0x00007ff90cc20000 - 0x00007ff90cd45000 	C:\Windows\System32\RPCRT4.dll
0x00007ff90bc00000 - 0x00007ff90bda0000 	C:\Windows\System32\USER32.dll
0x00007ff90abf0000 - 0x00007ff90ac12000 	C:\Windows\System32\win32u.dll
0x00007ff90c0f0000 - 0x00007ff90c11a000 	C:\Windows\System32\GDI32.dll
0x00007ff90a9e0000 - 0x00007ff90aaeb000 	C:\Windows\System32\gdi32full.dll
0x00007ff90ac70000 - 0x00007ff90ad0d000 	C:\Windows\System32\msvcp_win.dll
0x00007ff8f58d0000 - 0x00007ff8f5b6a000 	C:\Windows\WinSxS\amd64_microsoft.windows.common-controls_6595b64144ccf1df_6.0.19041.1110_none_60b5254171f9507e\COMCTL32.dll
0x00007ff902800000 - 0x00007ff90280a000 	C:\Windows\SYSTEM32\VERSION.dll
0x00007ff90c1d0000 - 0x00007ff90c200000 	C:\Windows\System32\IMM32.DLL
0x00007ff8f5800000 - 0x00007ff8f589b000 	C:\Program Files\Java\jdk-11.0.15\bin\msvcp140.dll
0x00007ff8f4ce0000 - 0x00007ff8f57f6000 	C:\Program Files\Java\jdk-11.0.15\bin\server\jvm.dll
0x00007ff90b970000 - 0x00007ff90b978000 	C:\Windows\System32\PSAPI.DLL
0x00007ff8f4cd0000 - 0x00007ff8f4cd9000 	C:\Windows\SYSTEM32\WSOCK32.dll
0x00007ff90c080000 - 0x00007ff90c0eb000 	C:\Windows\System32\WS2_32.dll
0x00007ff8f4ca0000 - 0x00007ff8f4cc7000 	C:\Windows\SYSTEM32\WINMM.dll
0x00007ff908390000 - 0x00007ff9083a2000 	C:\Windows\SYSTEM32\kernel.appcore.dll
0x00007ff8f4c50000 - 0x00007ff8f4c60000 	C:\Program Files\Java\jdk-11.0.15\bin\verify.dll
0x00007ff8fa950000 - 0x00007ff8fab34000 	C:\Windows\SYSTEM32\DBGHELP.DLL
0x00007ff8fa920000 - 0x00007ff8fa94c000 	C:\Windows\SYSTEM32\dbgcore.DLL
0x00007ff90ab60000 - 0x00007ff90abe2000 	C:\Windows\System32\bcryptPrimitives.dll
0x00007ff8f4c20000 - 0x00007ff8f4c48000 	C:\Program Files\Java\jdk-11.0.15\bin\java.dll
0x00007ff8f4c10000 - 0x00007ff8f4c1a000 	C:\Program Files\Java\jdk-11.0.15\bin\jimage.dll
0x00007ff905f80000 - 0x00007ff905f8e000 	C:\Program Files\Java\jdk-11.0.15\bin\instrument.dll
0x00007ff8f4bf0000 - 0x00007ff8f4c06000 	C:\Program Files\Java\jdk-11.0.15\bin\zip.dll
0x00007ff90c410000 - 0x00007ff90cb54000 	C:\Windows\System32\SHELL32.dll
0x00007ff908590000 - 0x00007ff908d24000 	C:\Windows\SYSTEM32\windows.storage.dll
0x00007ff90b4f0000 - 0x00007ff90b844000 	C:\Windows\System32\combase.dll
0x00007ff909d60000 - 0x00007ff909d90000 	C:\Windows\SYSTEM32\Wldp.dll
0x00007ff90bb50000 - 0x00007ff90bbfd000 	C:\Windows\System32\SHCORE.dll
0x00007ff90ba10000 - 0x00007ff90ba65000 	C:\Windows\System32\shlwapi.dll
0x00007ff90a3f0000 - 0x00007ff90a40f000 	C:\Windows\SYSTEM32\profapi.dll
0x00007ff8f4930000 - 0x00007ff8f4949000 	C:\Program Files\Java\jdk-11.0.15\bin\net.dll
0x00007ff901fd0000 - 0x00007ff9020da000 	C:\Windows\SYSTEM32\WINHTTP.dll
0x00007ff909b40000 - 0x00007ff909baa000 	C:\Windows\system32\mswsock.dll
0x00007ff8f4910000 - 0x00007ff8f4922000 	C:\Program Files\Java\jdk-11.0.15\bin\nio.dll
0x00007ff8f2480000 - 0x00007ff8f249a000 	C:\Program Files\JetBrains\IntelliJ IDEA Community Edition 2022.2.1\bin\breakgen64.dll
0x00007ff8f3490000 - 0x00007ff8f3499000 	C:\Program Files\Java\jdk-11.0.15\bin\management.dll
0x00007ff8f3480000 - 0x00007ff8f348b000 	C:\Program Files\Java\jdk-11.0.15\bin\management_ext.dll
0x00007ff8f0960000 - 0x00007ff8f0977000 	C:\Windows\system32\napinsp.dll
0x00007ff8f0940000 - 0x00007ff8f095b000 	C:\Windows\system32\pnrpnsp.dll
0x00007ff8f0920000 - 0x00007ff8f0935000 	C:\Windows\system32\wshbth.dll
0x00007ff905e50000 - 0x00007ff905e6d000 	C:\Windows\system32\NLAapi.dll
0x00007ff909850000 - 0x00007ff90988b000 	C:\Windows\SYSTEM32\IPHLPAPI.DLL
0x00007ff9098a0000 - 0x00007ff90996a000 	C:\Windows\SYSTEM32\DNSAPI.dll
0x00007ff90ba80000 - 0x00007ff90ba88000 	C:\Windows\System32\NSI.dll
0x00007ff8f0900000 - 0x00007ff8f0912000 	C:\Windows\System32\winrnr.dll
0x00007ff9016a0000 - 0x00007ff9016aa000 	C:\Windows\System32\rasadhlp.dll
0x00007ff9021e0000 - 0x00007ff902260000 	C:\Windows\System32\fwpuclnt.dll
0x00007ff90adc0000 - 0x00007ff90ade7000 	C:\Windows\System32\bcrypt.dll

dbghelp: loaded successfully - version: 4.0.5 - missing functions: none
symbol engine: initialized successfully - sym options: 0x614 - pdb path: .;C:\Program Files\Java\jdk-11.0.15\bin;C:\Windows\SYSTEM32;C:\Windows\WinSxS\amd64_microsoft.windows.common-controls_6595b64144ccf1df_6.0.19041.1110_none_60b5254171f9507e;C:\Program Files\Java\jdk-11.0.15\bin\server;C:\Program Files\JetBrains\IntelliJ IDEA Community Edition 2022.2.1\bin

VM Arguments:
jvm_args: -javaagent:C:\Program Files\JetBrains\IntelliJ IDEA Community Edition 2022.2.1\lib\idea_rt.jar=51049:C:\Program Files\JetBrains\IntelliJ IDEA Community Edition 2022.2.1\bin -Dfile.encoding=UTF-8 
java_command: com.training.jwt.api.SpringSecurityJwtExampleApplication
java_class_path (initial): C:\Users\sfjbs\Downloads\spring_security-main\spring_security-main\target\classes;C:\Users\sfjbs\.m2\repository\org\springframework\boot\spring-boot-starter-data-jpa\2.6.2\spring-boot-starter-data-jpa-2.6.2.jar;C:\Users\sfjbs\.m2\repository\org\springframework\boot\spring-boot-starter-aop\2.6.2\spring-boot-starter-aop-2.6.2.jar;C:\Users\sfjbs\.m2\repository\org\aspectj\aspectjweaver\1.9.7\aspectjweaver-1.9.7.jar;C:\Users\sfjbs\.m2\repository\org\springframework\boot\spring-boot-starter-jdbc\2.6.2\spring-boot-starter-jdbc-2.6.2.jar;C:\Users\sfjbs\.m2\repository\com\zaxxer\HikariCP\4.0.3\HikariCP-4.0.3.jar;C:\Users\sfjbs\.m2\repository\org\springframework\spring-jdbc\5.3.14\spring-jdbc-5.3.14.jar;C:\Users\sfjbs\.m2\repository\jakarta\transaction\jakarta.transaction-api\1.3.3\jakarta.transaction-api-1.3.3.jar;C:\Users\sfjbs\.m2\repository\jakarta\persistence\jakarta.persistence-api\2.2.3\jakarta.persistence-api-2.2.3.jar;C:\Users\sfjbs\.m2\repository\org\hibernate\hibernate-core\5.6.3.Final\hibernate-core-5.6.3.Final.jar;C:\Users\sfjbs\.m2\repository\org\jboss\logging\jboss-logging\3.4.2.Final\jboss-logging-3.4.2.Final.jar;C:\Users\sfjbs\.m2\repository\net\bytebuddy\byte-buddy\1.11.22\byte-buddy-1.11.22.jar;C:\Users\sfjbs\.m2\repository\antlr\antlr\2.7.7\antlr-2.7.7.jar;C:\Users\sfjbs\.m2\repository\org\jboss\jandex\2.2.3.Final\jandex-2.2.3.Final.jar;C:\Users\sfjbs\.m2\repository\com\fasterxml\classmate\1.5.1\classmate-1.5.1.jar;C:\Users\sfjbs\.m2\repository\org\hibernate\common\hibernate-commons-annotations\5.1.2.Final\hibernate-commons-annotations-5.1.2.Final.jar;C:\Users\sfjbs\.m2\repository\org\glassfish\jaxb\jaxb-runtime\2.3.5\jaxb-runtime-2.3.5.jar;C:\Users\sfjbs\.m2\repository\org\glassfish\jaxb\txw2\2.3.5\txw2-2.3.5.jar;C:\Users\sfjbs\.m2\repository\com\sun\istack\istack-commons-runtime\3.0.12\istack-commons-runtime-3.0.12.jar;C:\Users\sfjbs\.m2\repository\com\sun\activation\jakarta.activation\1.2.2\jakarta.activation-1.2.2.jar;C:\U
Launcher Type: SUN_STANDARD

[Global flags]
     intx CICompilerCount                          = 2                                         {product} {ergonomic}
     uint ConcGCThreads                            = 1                                         {product} {ergonomic}
     uint G1ConcRefinementThreads                  = 2                                         {product} {ergonomic}
   size_t G1HeapRegionSize                         = 1048576                                   {product} {ergonomic}
    uintx GCDrainStackTargetSize                   = 64                                        {product} {ergonomic}
   size_t InitialHeapSize                          = 134217728                                 {product} {ergonomic}
   size_t MarkStackSize                            = 4194304                                   {product} {ergonomic}
   size_t MaxHeapSize                              = 2147483648                                {product} {ergonomic}
   size_t MaxNewSize                               = 1287651328                                {product} {ergonomic}
   size_t MinHeapDeltaBytes                        = 1048576                                   {product} {ergonomic}
    uintx NonNMethodCodeHeapSize                   = 5825164                                {pd product} {ergonomic}
    uintx NonProfiledCodeHeapSize                  = 122916538                              {pd product} {ergonomic}
    uintx ProfiledCodeHeapSize                     = 122916538                              {pd product} {ergonomic}
    uintx ReservedCodeCacheSize                    = 251658240                              {pd product} {ergonomic}
     bool SegmentedCodeCache                       = true                                      {product} {ergonomic}
     bool UseCompressedClassPointers               = true                                 {lp64_product} {ergonomic}
     bool UseCompressedOops                        = true                                 {lp64_product} {ergonomic}
     bool UseG1GC                                  = true                                      {product} {ergonomic}
     bool UseLargePagesIndividualAllocation        = false                                  {pd product} {ergonomic}

Logging:
Log output configuration:
 #0: stdout all=warning uptime,level,tags
 #1: stderr all=off uptime,level,tags

Environment Variables:
PATH=C:\Program Files\Common Files\Oracle\Java\javapath;C:\Windows\system32;C:\Windows;C:\Windows\System32\Wbem;C:\Windows\System32\WindowsPowerShell\v1.0\;C:\Windows\System32\OpenSSH\;C:\Program Files\PuTTY\;C:\Program Files\Git\cmd;C:\Program Files\Docker\Docker\resources\bin;C:\ProgramData\DockerDesktop\version-bin;C:\Users\sfjbs\Downloads\apache-maven-3.8.6-bin\apache-maven-3.8.6\bin;C:\Users\sfjbs\Downloads\apache-maven-3.8.6-bin\apache-maven-3.8.6\lib;C:\Users\sfjbs\AppData\Local\Microsoft\WindowsApps;C:\Program Files\JetBrains\IntelliJ IDEA Community Edition 2022.2.1\bin;;C:\Users\sfjbs\Downloads\apache-maven-3.8.6-bin\apache-maven-3.8.6\bin;C:\Users\sfjbs\Downloads\apache-maven-3.8.6-bin\apache-maven-3.8.6\lib;
USERNAME=sfjbs
OS=Windows_NT
PROCESSOR_IDENTIFIER=Intel64 Family 6 Model 85 Stepping 7, GenuineIntel



---------------  S Y S T E M  ---------------

OS: Windows 10 , 64 bit Build 19041 (10.0.19041.1889)
Hyper-V role detected

CPU:total 2 (initial active 2) (1 cores per cpu, 2 threads per core) family 6 model 85 stepping 7 microcode 0xffffffff, cmov, cx8, fxsr, mmx, sse, sse2, sse3, ssse3, sse4.1, sse4.2, popcnt, avx, avx2, aes, clmul, erms, rtm, 3dnowpref, lzcnt, ht, tsc, bmi1, bmi2, adx, evex, fma

Memory: 4k page, system-wide physical 8190M (837M free)
TotalPageFile size 10238M (AvailPageFile size 25M)
current process WorkingSet (physical memory assigned to process): 107M, peak: 107M
current process commit charge ("private bytes"): 226M, peak: 252M

vm_info: Java HotSpot(TM) 64-Bit Server VM (11.0.15+8-LTS-149) for windows-amd64 JRE (11.0.15+8-LTS-149), built on Mar  9 2022 22:42:32 by "mach5one" with MS VC++ 15.9 (VS2017)

END.
